2023-02-11T08:20:46+00:00 INFO Start-Cartflows_Admin_Report_Emails::send_weekly_report_email
2023-02-11T08:20:46+00:00 INFO Send weekly emails to evilgoogle@mail.ru
2023-02-11T08:20:46+00:00 INFO Total Revenue: 0.00
2023-02-11T08:21:47+00:00 INFO Is weekly report enabled: enable
2023-02-11T08:21:48+00:00 INFO Is weekly report enabled: enable
2023-02-11T10:06:48+00:00 INFO Is weekly report enabled: enable
2023-02-11T10:06:54+00:00 INFO Is weekly report enabled: enable
2023-02-11T10:07:39+00:00 INFO Is weekly report enabled: enable
2023-02-11T10:07:39+00:00 INFO Is weekly report enabled: enable
2023-02-11T10:07:44+00:00 INFO Is weekly report enabled: enable
2023-02-11T10:07:46+00:00 INFO Is weekly report enabled: enable
2023-02-11T10:08:49+00:00 INFO Is weekly report enabled: enable
2023-02-11T10:10:49+00:00 INFO Is weekly report enabled: enable
2023-02-11T10:10:52+00:00 INFO Is weekly report enabled: enable
2023-02-11T10:11:08+00:00 INFO Is weekly report enabled: enable
2023-02-11T10:11:09+00:00 INFO Is weekly report enabled: enable
2023-02-11T10:11:11+00:00 INFO Is weekly report enabled: enable
2023-02-11T10:11:27+00:00 INFO Is weekly report enabled: enable
2023-02-11T10:13:29+00:00 INFO Is weekly report enabled: enable
2023-02-11T10:15:19+00:00 INFO Is weekly report enabled: enable
2023-02-11T10:17:19+00:00 INFO Is weekly report enabled: enable
2023-02-11T10:17:33+00:00 INFO Is weekly report enabled: enable
2023-02-11T10:17:38+00:00 INFO Is weekly report enabled: enable
2023-02-11T10:17:40+00:00 INFO Is weekly report enabled: enable
2023-02-11T10:17:42+00:00 INFO Is weekly report enabled: enable
2023-02-11T10:17:48+00:00 INFO Is weekly report enabled: enable
2023-02-11T10:17:54+00:00 INFO Is weekly report enabled: enable
2023-02-11T10:17:55+00:00 INFO Is weekly report enabled: enable
2023-02-11T10:17:55+00:00 INFO Is weekly report enabled: enable
2023-02-11T10:17:57+00:00 INFO Is weekly report enabled: enable
2023-02-11T10:18:02+00:00 INFO Is weekly report enabled: enable
2023-02-11T10:18:03+00:00 INFO Is weekly report enabled: enable
2023-02-11T10:18:05+00:00 INFO Is weekly report enabled: enable
2023-02-11T10:18:15+00:00 INFO Is weekly report enabled: enable
2023-02-11T10:18:22+00:00 INFO Is weekly report enabled: enable
2023-02-11T10:18:23+00:00 INFO Is weekly report enabled: enable
2023-02-11T10:18:24+00:00 INFO Is weekly report enabled: enable
2023-02-11T10:18:24+00:00 INFO Is weekly report enabled: enable
2023-02-11T10:18:26+00:00 INFO Is weekly report enabled: enable
2023-02-11T10:18:27+00:00 INFO Is weekly report enabled: enable
2023-02-11T10:18:36+00:00 INFO Is weekly report enabled: enable
2023-02-11T10:18:39+00:00 INFO Is weekly report enabled: enable
2023-02-11T10:18:40+00:00 INFO Is weekly report enabled: enable
2023-02-11T10:18:41+00:00 INFO Is weekly report enabled: enable
2023-02-11T10:18:42+00:00 INFO Is weekly report enabled: enable
2023-02-11T10:18:52+00:00 INFO Is weekly report enabled: enable
2023-02-11T10:19:01+00:00 INFO Is weekly report enabled: enable
2023-02-11T10:19:09+00:00 INFO Is weekly report enabled: enable
2023-02-11T10:19:11+00:00 INFO Is weekly report enabled: enable
2023-02-11T10:19:16+00:00 INFO Is weekly report enabled: enable
2023-02-11T10:19:19+00:00 INFO Is weekly report enabled: enable
2023-02-11T10:19:22+00:00 INFO Is weekly report enabled: enable
2023-02-11T10:19:24+00:00 INFO Is weekly report enabled: enable
2023-02-11T10:19:27+00:00 INFO Is weekly report enabled: enable
2023-02-11T10:19:28+00:00 INFO Is weekly report enabled: enable
2023-02-11T10:19:44+00:00 INFO Is weekly report enabled: enable
2023-02-11T10:19:55+00:00 INFO Is weekly report enabled: enable
2023-02-11T10:19:59+00:00 INFO Is weekly report enabled: enable
2023-02-11T10:20:12+00:00 INFO Is weekly report enabled: enable
2023-02-11T10:20:15+00:00 INFO Is weekly report enabled: enable
2023-02-11T10:20:16+00:00 INFO Is weekly report enabled: enable
2023-02-11T10:20:18+00:00 INFO Is weekly report enabled: enable
2023-02-11T10:20:20+00:00 INFO Is weekly report enabled: enable
2023-02-11T10:20:43+00:00 INFO Is weekly report enabled: enable
2023-02-11T10:20:50+00:00 INFO Is weekly report enabled: enable
2023-02-11T10:21:10+00:00 INFO Is weekly report enabled: enable
2023-02-11T10:21:17+00:00 INFO Is weekly report enabled: enable
2023-02-11T10:21:40+00:00 INFO Is weekly report enabled: enable
2023-02-11T10:21:47+00:00 INFO Is weekly report enabled: enable
2023-02-11T10:21:51+00:00 INFO Is weekly report enabled: enable
2023-02-11T10:22:19+00:00 INFO Is weekly report enabled: enable
2023-02-11T10:22:20+00:00 INFO Is weekly report enabled: enable
2023-02-11T10:22:39+00:00 INFO Is weekly report enabled: enable
2023-02-11T10:22:41+00:00 INFO Is weekly report enabled: enable
2023-02-11T10:22:43+00:00 INFO Is weekly report enabled: enable
2023-02-11T10:22:46+00:00 INFO Is weekly report enabled: enable
2023-02-11T10:22:47+00:00 INFO Is weekly report enabled: enable
2023-02-11T10:22:48+00:00 INFO Is weekly report enabled: enable
2023-02-11T10:23:05+00:00 INFO Is weekly report enabled: enable
2023-02-11T10:23:07+00:00 INFO Is weekly report enabled: enable
2023-02-11T10:23:07+00:00 INFO Is weekly report enabled: enable
2023-02-11T10:23:07+00:00 INFO Is weekly report enabled: enable
2023-02-11T10:23:12+00:00 INFO Is weekly report enabled: enable
2023-02-11T10:23:14+00:00 INFO Is weekly report enabled: enable
2023-02-11T10:23:14+00:00 INFO Is weekly report enabled: enable
2023-02-11T10:23:29+00:00 INFO Is weekly report enabled: enable
2023-02-11T10:24:42+00:00 INFO Is weekly report enabled: enable
2023-02-11T10:24:44+00:00 INFO Is weekly report enabled: enable
2023-02-11T10:25:21+00:00 INFO Is weekly report enabled: enable
2023-02-11T10:25:22+00:00 INFO Is weekly report enabled: enable
2023-02-11T10:25:23+00:00 INFO Is weekly report enabled: enable
2023-02-11T10:25:30+00:00 INFO Is weekly report enabled: enable
2023-02-11T10:25:31+00:00 INFO Is weekly report enabled: enable
2023-02-11T10:25:32+00:00 INFO Is weekly report enabled: enable
2023-02-11T10:25:47+00:00 INFO Is weekly report enabled: enable
2023-02-11T10:27:16+00:00 INFO Is weekly report enabled: enable
2023-02-11T10:28:17+00:00 INFO Is weekly report enabled: enable
2023-02-11T10:30:18+00:00 INFO Is weekly report enabled: enable
2023-02-11T10:32:19+00:00 INFO Is weekly report enabled: enable
2023-02-11T10:33:19+00:00 INFO Is weekly report enabled: enable
2023-02-11T10:33:25+00:00 INFO Is weekly report enabled: enable
2023-02-11T10:33:27+00:00 INFO Is weekly report enabled: enable
2023-02-11T10:33:27+00:00 INFO Is weekly report enabled: enable
2023-02-11T10:33:30+00:00 INFO Is weekly report enabled: enable
2023-02-11T10:34:33+00:00 INFO Is weekly report enabled: enable
2023-02-11T10:35:33+00:00 INFO Is weekly report enabled: enable
2023-02-11T10:36:33+00:00 INFO Is weekly report enabled: enable
2023-02-11T10:37:33+00:00 INFO Is weekly report enabled: enable
2023-02-11T10:38:33+00:00 INFO Is weekly report enabled: enable
2023-02-11T10:39:33+00:00 INFO Is weekly report enabled: enable
2023-02-11T10:40:33+00:00 INFO Is weekly report enabled: enable
2023-02-11T10:41:33+00:00 INFO Is weekly report enabled: enable
2023-02-11T10:42:33+00:00 INFO Is weekly report enabled: enable
2023-02-11T10:43:33+00:00 INFO Is weekly report enabled: enable
2023-02-11T10:44:33+00:00 INFO Is weekly report enabled: enable
2023-02-11T10:45:33+00:00 INFO Is weekly report enabled: enable
2023-02-11T10:46:33+00:00 INFO Is weekly report enabled: enable
2023-02-11T10:47:33+00:00 INFO Is weekly report enabled: enable
2023-02-11T10:48:33+00:00 INFO Is weekly report enabled: enable
2023-02-11T10:49:33+00:00 INFO Is weekly report enabled: enable
2023-02-11T10:50:33+00:00 INFO Is weekly report enabled: enable
2023-02-11T10:51:33+00:00 INFO Is weekly report enabled: enable
2023-02-11T10:52:33+00:00 INFO Is weekly report enabled: enable
2023-02-11T10:53:33+00:00 INFO Is weekly report enabled: enable
2023-02-11T10:54:33+00:00 INFO Is weekly report enabled: enable
2023-02-11T10:55:33+00:00 INFO Is weekly report enabled: enable
2023-02-11T10:56:33+00:00 INFO Is weekly report enabled: enable
2023-02-11T10:57:33+00:00 INFO Is weekly report enabled: enable
2023-02-11T10:58:33+00:00 INFO Is weekly report enabled: enable
2023-02-11T10:59:33+00:00 INFO Is weekly report enabled: enable
2023-02-11T11:00:33+00:00 INFO Is weekly report enabled: enable
2023-02-11T11:01:33+00:00 INFO Is weekly report enabled: enable
2023-02-11T11:02:33+00:00 INFO Is weekly report enabled: enable
2023-02-11T11:03:33+00:00 INFO Is weekly report enabled: enable
2023-02-11T11:04:33+00:00 INFO Is weekly report enabled: enable
2023-02-11T11:05:33+00:00 INFO Is weekly report enabled: enable
2023-02-11T11:06:33+00:00 INFO Is weekly report enabled: enable
2023-02-11T11:07:26+00:00 INFO Is weekly report enabled: enable
2023-02-11T11:07:44+00:00 INFO Is weekly report enabled: enable
2023-02-11T11:07:46+00:00 INFO Is weekly report enabled: enable
2023-02-11T11:08:08+00:00 INFO Is weekly report enabled: enable
2023-02-11T11:08:09+00:00 INFO Is weekly report enabled: enable
2023-02-11T11:08:15+00:00 INFO Is weekly report enabled: enable
2023-02-11T11:08:17+00:00 INFO Is weekly report enabled: enable
2023-02-11T11:08:19+00:00 INFO Is weekly report enabled: enable
2023-02-11T11:08:20+00:00 INFO Is weekly report enabled: enable
2023-02-11T11:08:21+00:00 INFO Is weekly report enabled: enable
2023-02-11T11:08:25+00:00 INFO Is weekly report enabled: enable
2023-02-11T11:08:44+00:00 INFO Is weekly report enabled: enable
2023-02-11T11:08:45+00:00 INFO Is weekly report enabled: enable
2023-02-11T11:09:44+00:00 INFO Is weekly report enabled: enable
2023-02-11T11:10:44+00:00 INFO Is weekly report enabled: enable
2023-02-11T11:11:02+00:00 INFO Is weekly report enabled: enable
2023-02-11T11:11:06+00:00 INFO Is weekly report enabled: enable
2023-02-11T11:11:09+00:00 INFO Is weekly report enabled: enable
2023-02-11T11:11:28+00:00 INFO Is weekly report enabled: enable
2023-02-11T11:11:29+00:00 INFO Is weekly report enabled: enable
2023-02-11T11:11:31+00:00 INFO Is weekly report enabled: enable
2023-02-11T11:11:35+00:00 INFO Is weekly report enabled: enable
2023-02-11T11:11:36+00:00 INFO Is weekly report enabled: enable
2023-02-11T11:11:37+00:00 INFO Is weekly report enabled: enable
2023-02-11T11:11:38+00:00 INFO Is weekly report enabled: enable
2023-02-11T11:11:39+00:00 INFO Is weekly report enabled: enable
2023-02-11T11:11:40+00:00 INFO Is weekly report enabled: enable
2023-02-11T11:12:04+00:00 INFO Is weekly report enabled: enable
2023-02-11T11:12:05+00:00 INFO Is weekly report enabled: enable
2023-02-11T11:12:18+00:00 INFO Is weekly report enabled: enable
2023-02-11T11:12:23+00:00 INFO Is weekly report enabled: enable
2023-02-11T11:12:24+00:00 INFO Is weekly report enabled: enable
2023-02-11T11:12:38+00:00 INFO Is weekly report enabled: enable
2023-02-11T11:12:44+00:00 INFO Is weekly report enabled: enable
2023-02-11T11:12:48+00:00 INFO Is weekly report enabled: enable
2023-02-11T11:13:00+00:00 INFO Is weekly report enabled: enable
2023-02-11T11:13:01+00:00 INFO Is weekly report enabled: enable
2023-02-11T11:13:03+00:00 INFO Is weekly report enabled: enable
2023-02-11T11:13:04+00:00 INFO Is weekly report enabled: enable
2023-02-11T11:13:05+00:00 INFO Is weekly report enabled: enable
2023-02-11T11:13:07+00:00 INFO Is weekly report enabled: enable
2023-02-11T11:13:07+00:00 INFO Is weekly report enabled: enable
2023-02-11T11:13:08+00:00 INFO Is weekly report enabled: enable
2023-02-11T11:13:09+00:00 INFO Is weekly report enabled: enable
2023-02-11T11:13:11+00:00 INFO Is weekly report enabled: enable
2023-02-11T11:13:12+00:00 INFO Is weekly report enabled: enable
2023-02-11T11:13:26+00:00 INFO Is weekly report enabled: enable
2023-02-11T11:13:29+00:00 INFO Is weekly report enabled: enable
2023-02-11T11:13:39+00:00 INFO Is weekly report enabled: enable
2023-02-11T11:13:44+00:00 INFO Is weekly report enabled: enable
2023-02-11T11:13:48+00:00 INFO Is weekly report enabled: enable
2023-02-11T11:14:00+00:00 INFO Is weekly report enabled: enable
2023-02-11T11:14:01+00:00 INFO Is weekly report enabled: enable
2023-02-11T11:14:03+00:00 INFO Is weekly report enabled: enable
2023-02-11T11:14:43+00:00 INFO Is weekly report enabled: enable
2023-02-11T11:14:45+00:00 INFO Is weekly report enabled: enable
2023-02-11T11:14:45+00:00 INFO Is weekly report enabled: enable
2023-02-11T11:14:47+00:00 INFO Is weekly report enabled: enable
2023-02-11T11:14:48+00:00 INFO Is weekly report enabled: enable
2023-02-11T11:14:49+00:00 INFO Is weekly report enabled: enable
2023-02-11T11:15:04+00:00 INFO Is weekly report enabled: enable
2023-02-11T11:15:18+00:00 INFO Is weekly report enabled: enable
2023-02-11T11:15:33+00:00 INFO Is weekly report enabled: enable
2023-02-11T11:15:39+00:00 INFO Is weekly report enabled: enable
2023-02-11T11:15:41+00:00 INFO Is weekly report enabled: enable
2023-02-11T11:16:09+00:00 INFO Is weekly report enabled: enable
2023-02-11T11:16:13+00:00 INFO Is weekly report enabled: enable
2023-02-11T11:16:17+00:00 INFO Is weekly report enabled: enable
2023-02-11T11:16:39+00:00 INFO Is weekly report enabled: enable
2023-02-11T11:16:42+00:00 INFO Is weekly report enabled: enable
2023-02-11T11:16:47+00:00 INFO Is weekly report enabled: enable
2023-02-11T11:16:48+00:00 INFO Is weekly report enabled: enable
2023-02-11T11:16:50+00:00 INFO Is weekly report enabled: enable
2023-02-11T11:16:51+00:00 INFO Is weekly report enabled: enable
2023-02-11T11:16:56+00:00 INFO Is weekly report enabled: enable
2023-02-11T11:16:56+00:00 INFO Is weekly report enabled: enable
2023-02-11T11:16:57+00:00 INFO Is weekly report enabled: enable
2023-02-11T11:16:59+00:00 INFO Is weekly report enabled: enable
2023-02-11T11:17:00+00:00 INFO Is weekly report enabled: enable
2023-02-11T11:17:01+00:00 INFO Is weekly report enabled: enable
2023-02-11T11:17:03+00:00 INFO Is weekly report enabled: enable
2023-02-11T11:17:04+00:00 INFO Is weekly report enabled: enable
2023-02-11T11:17:07+00:00 INFO Is weekly report enabled: enable
2023-02-11T11:17:10+00:00 INFO Is weekly report enabled: enable
2023-02-11T11:17:11+00:00 INFO Is weekly report enabled: enable
2023-02-11T11:17:11+00:00 INFO Is weekly report enabled: enable
2023-02-11T11:17:11+00:00 INFO Is weekly report enabled: enable
2023-02-11T11:17:18+00:00 INFO Is weekly report enabled: enable
2023-02-11T11:17:27+00:00 INFO Is weekly report enabled: enable
2023-02-11T11:17:28+00:00 INFO Is weekly report enabled: enable
2023-02-11T11:17:35+00:00 INFO Is weekly report enabled: enable
2023-02-11T11:17:39+00:00 INFO Is weekly report enabled: enable
2023-02-11T11:17:41+00:00 INFO Is weekly report enabled: enable
2023-02-11T11:18:03+00:00 INFO Is weekly report enabled: enable
2023-02-11T11:18:08+00:00 INFO Is weekly report enabled: enable
2023-02-11T11:18:09+00:00 INFO Is weekly report enabled: enable
2023-02-11T11:18:22+00:00 INFO Is weekly report enabled: enable
2023-02-11T11:18:24+00:00 INFO Is weekly report enabled: enable
2023-02-11T11:18:38+00:00 INFO Is weekly report enabled: enable
2023-02-11T11:18:43+00:00 INFO Is weekly report enabled: enable
2023-02-11T11:18:44+00:00 INFO Is weekly report enabled: enable
2023-02-11T11:18:49+00:00 INFO Is weekly report enabled: enable
2023-02-11T11:19:00+00:00 INFO Is weekly report enabled: enable
2023-02-11T11:19:01+00:00 INFO Is weekly report enabled: enable
2023-02-11T11:19:03+00:00 INFO Is weekly report enabled: enable
2023-02-11T11:19:07+00:00 INFO Is weekly report enabled: enable
2023-02-11T11:19:09+00:00 INFO Is weekly report enabled: enable
2023-02-11T11:19:09+00:00 INFO Is weekly report enabled: enable
2023-02-11T11:19:16+00:00 INFO Is weekly report enabled: enable
2023-02-11T11:19:17+00:00 INFO Is weekly report enabled: enable
2023-02-11T11:19:18+00:00 INFO Is weekly report enabled: enable
2023-02-11T11:19:20+00:00 INFO Is weekly report enabled: enable
2023-02-11T11:19:27+00:00 INFO Is weekly report enabled: enable
2023-02-11T11:19:28+00:00 INFO Is weekly report enabled: enable
2023-02-11T11:19:29+00:00 INFO Is weekly report enabled: enable
2023-02-11T11:19:51+00:00 INFO Is weekly report enabled: enable
2023-02-11T11:19:53+00:00 INFO Is weekly report enabled: enable
2023-02-11T11:20:01+00:00 INFO Is weekly report enabled: enable
2023-02-11T11:20:02+00:00 INFO Is weekly report enabled: enable
2023-02-11T11:20:04+00:00 INFO Is weekly report enabled: enable
2023-02-11T11:20:06+00:00 INFO Is weekly report enabled: enable
2023-02-11T11:20:07+00:00 INFO Is weekly report enabled: enable
2023-02-11T11:20:07+00:00 INFO Is weekly report enabled: enable
2023-02-11T11:20:09+00:00 INFO Is weekly report enabled: enable
2023-02-11T11:20:26+00:00 INFO Is weekly report enabled: enable
2023-02-11T11:20:39+00:00 INFO Is weekly report enabled: enable
2023-02-11T11:20:41+00:00 INFO Is weekly report enabled: enable
2023-02-11T11:20:57+00:00 INFO Is weekly report enabled: enable
2023-02-11T11:20:58+00:00 INFO Is weekly report enabled: enable
2023-02-11T11:21:17+00:00 INFO Is weekly report enabled: enable
2023-02-11T11:21:21+00:00 INFO Is weekly report enabled: enable
2023-02-11T11:21:25+00:00 INFO Is weekly report enabled: enable
2023-02-11T11:21:26+00:00 INFO Is weekly report enabled: enable
2023-02-11T11:21:43+00:00 INFO Is weekly report enabled: enable
2023-02-11T11:21:44+00:00 INFO Is weekly report enabled: enable
2023-02-11T11:21:56+00:00 INFO Is weekly report enabled: enable
2023-02-11T11:21:57+00:00 INFO Is weekly report enabled: enable
2023-02-11T11:21:57+00:00 INFO Is weekly report enabled: enable
2023-02-11T11:21:59+00:00 INFO Is weekly report enabled: enable
2023-02-11T11:22:00+00:00 INFO Is weekly report enabled: enable
2023-02-11T11:22:02+00:00 INFO Is weekly report enabled: enable
2023-02-11T11:22:02+00:00 INFO Is weekly report enabled: enable
2023-02-11T11:22:05+00:00 INFO Is weekly report enabled: enable
2023-02-11T11:22:06+00:00 INFO Is weekly report enabled: enable
2023-02-11T11:22:08+00:00 INFO Is weekly report enabled: enable
2023-02-11T11:22:08+00:00 INFO Is weekly report enabled: enable
2023-02-11T11:22:09+00:00 INFO Is weekly report enabled: enable
2023-02-11T11:22:11+00:00 INFO Is weekly report enabled: enable
2023-02-11T11:22:12+00:00 INFO Is weekly report enabled: enable
2023-02-11T11:22:13+00:00 INFO Is weekly report enabled: enable
2023-02-11T11:22:14+00:00 INFO Is weekly report enabled: enable
2023-02-11T11:22:18+00:00 INFO Is weekly report enabled: enable
2023-02-11T11:22:28+00:00 INFO Is weekly report enabled: enable
2023-02-11T11:22:29+00:00 INFO Is weekly report enabled: enable
2023-02-11T11:22:30+00:00 INFO Is weekly report enabled: enable
2023-02-11T11:22:47+00:00 INFO Is weekly report enabled: enable
2023-02-11T11:22:53+00:00 INFO Is weekly report enabled: enable
2023-02-11T11:22:54+00:00 INFO Is weekly report enabled: enable
2023-02-11T11:22:55+00:00 INFO Is weekly report enabled: enable
2023-02-11T11:22:55+00:00 INFO Is weekly report enabled: enable
2023-02-11T11:23:03+00:00 INFO Is weekly report enabled: enable
2023-02-11T11:23:08+00:00 INFO Is weekly report enabled: enable
2023-02-11T11:23:22+00:00 INFO Is weekly report enabled: enable
2023-02-11T11:23:26+00:00 INFO Is weekly report enabled: enable
2023-02-11T11:23:29+00:00 INFO Is weekly report enabled: enable
2023-02-11T11:23:38+00:00 INFO Is weekly report enabled: enable
2023-02-11T11:23:39+00:00 INFO Is weekly report enabled: enable
2023-02-11T11:23:41+00:00 INFO Is weekly report enabled: enable
2023-02-11T11:23:43+00:00 INFO Is weekly report enabled: enable
2023-02-11T11:23:44+00:00 INFO Is weekly report enabled: enable
2023-02-11T11:23:44+00:00 INFO Is weekly report enabled: enable
2023-02-11T11:23:51+00:00 INFO Is weekly report enabled: enable
2023-02-11T11:23:51+00:00 INFO Is weekly report enabled: enable
2023-02-11T11:23:53+00:00 INFO Is weekly report enabled: enable
2023-02-11T11:23:55+00:00 INFO Is weekly report enabled: enable
2023-02-11T11:24:12+00:00 INFO Is weekly report enabled: enable
2023-02-11T11:24:19+00:00 INFO Is weekly report enabled: enable
2023-02-11T11:24:19+00:00 INFO Is weekly report enabled: enable
2023-02-11T11:24:23+00:00 INFO Is weekly report enabled: enable
2023-02-11T11:24:26+00:00 INFO Is weekly report enabled: enable
2023-02-11T11:24:47+00:00 INFO Is weekly report enabled: enable
2023-02-11T11:24:48+00:00 INFO Is weekly report enabled: enable
2023-02-11T11:24:48+00:00 INFO Is weekly report enabled: enable
2023-02-11T11:24:50+00:00 INFO Is weekly report enabled: enable
2023-02-11T11:24:55+00:00 INFO Is weekly report enabled: enable
2023-02-11T11:24:56+00:00 INFO Is weekly report enabled: enable
2023-02-11T11:24:56+00:00 INFO Is weekly report enabled: enable
2023-02-11T11:24:57+00:00 INFO Is weekly report enabled: enable
2023-02-11T11:24:58+00:00 INFO Is weekly report enabled: enable
2023-02-11T11:25:00+00:00 INFO Is weekly report enabled: enable
2023-02-11T11:25:04+00:00 INFO Is weekly report enabled: enable
2023-02-11T11:25:10+00:00 INFO Is weekly report enabled: enable
2023-02-11T11:25:11+00:00 INFO Is weekly report enabled: enable
2023-02-11T11:25:37+00:00 INFO Is weekly report enabled: enable
2023-02-11T11:25:42+00:00 INFO Is weekly report enabled: enable
2023-02-11T11:25:43+00:00 INFO Is weekly report enabled: enable
2023-02-11T11:25:52+00:00 INFO Is weekly report enabled: enable
2023-02-11T11:25:53+00:00 INFO Is weekly report enabled: enable
2023-02-11T11:25:55+00:00 INFO Is weekly report enabled: enable
2023-02-11T11:25:56+00:00 INFO Is weekly report enabled: enable
2023-02-11T11:25:57+00:00 INFO Is weekly report enabled: enable
2023-02-11T11:25:59+00:00 INFO Is weekly report enabled: enable
2023-02-11T11:25:59+00:00 INFO Is weekly report enabled: enable
2023-02-11T11:26:00+00:00 INFO Is weekly report enabled: enable
2023-02-11T11:26:01+00:00 INFO Is weekly report enabled: enable
2023-02-11T11:26:02+00:00 INFO Is weekly report enabled: enable
2023-02-11T11:26:08+00:00 INFO Is weekly report enabled: enable
2023-02-11T11:26:16+00:00 INFO Is weekly report enabled: enable
2023-02-11T11:26:19+00:00 INFO Is weekly report enabled: enable
2023-02-11T11:26:20+00:00 INFO Is weekly report enabled: enable
2023-02-11T11:26:41+00:00 INFO Is weekly report enabled: enable
2023-02-11T11:26:44+00:00 INFO Is weekly report enabled: enable
2023-02-11T11:26:48+00:00 INFO Is weekly report enabled: enable
2023-02-11T11:26:48+00:00 INFO Is weekly report enabled: enable
2023-02-11T11:27:06+00:00 INFO Is weekly report enabled: enable
2023-02-11T11:27:07+00:00 INFO Is weekly report enabled: enable
2023-02-11T11:27:08+00:00 INFO Is weekly report enabled: enable
2023-02-11T11:27:12+00:00 INFO Is weekly report enabled: enable
2023-02-11T11:27:13+00:00 INFO Is weekly report enabled: enable
2023-02-11T11:27:14+00:00 INFO Is weekly report enabled: enable
2023-02-11T11:27:15+00:00 INFO Is weekly report enabled: enable
2023-02-11T11:27:16+00:00 INFO Is weekly report enabled: enable
2023-02-11T11:27:17+00:00 INFO Is weekly report enabled: enable
2023-02-11T11:27:19+00:00 INFO Is weekly report enabled: enable
2023-02-11T11:27:31+00:00 INFO Is weekly report enabled: enable
2023-02-11T11:27:32+00:00 INFO Is weekly report enabled: enable
2023-02-11T11:27:48+00:00 INFO Is weekly report enabled: enable
2023-02-11T11:27:51+00:00 INFO Is weekly report enabled: enable
2023-02-11T11:27:53+00:00 INFO Is weekly report enabled: enable
2023-02-11T11:28:01+00:00 INFO Is weekly report enabled: enable
2023-02-11T11:28:02+00:00 INFO Is weekly report enabled: enable
2023-02-11T11:28:04+00:00 INFO Is weekly report enabled: enable
2023-02-11T11:28:05+00:00 INFO Is weekly report enabled: enable
2023-02-11T11:28:07+00:00 INFO Is weekly report enabled: enable
2023-02-11T11:28:07+00:00 INFO Is weekly report enabled: enable
2023-02-11T11:28:08+00:00 INFO Is weekly report enabled: enable
2023-02-11T11:28:08+00:00 INFO Is weekly report enabled: enable
2023-02-11T11:28:08+00:00 INFO Is weekly report enabled: enable
2023-02-11T11:28:09+00:00 INFO Is weekly report enabled: enable
2023-02-11T11:28:10+00:00 INFO Is weekly report enabled: enable
2023-02-11T11:28:15+00:00 INFO Is weekly report enabled: enable
2023-02-11T11:28:19+00:00 INFO Is weekly report enabled: enable
2023-02-11T11:28:22+00:00 INFO Is weekly report enabled: enable
2023-02-11T11:28:23+00:00 INFO Is weekly report enabled: enable
2023-02-11T11:28:42+00:00 INFO Is weekly report enabled: enable
2023-02-11T11:28:46+00:00 INFO Is weekly report enabled: enable
2023-02-11T11:28:48+00:00 INFO Is weekly report enabled: enable
2023-02-11T11:28:49+00:00 INFO Is weekly report enabled: enable
2023-02-11T11:28:57+00:00 INFO Is weekly report enabled: enable
2023-02-11T11:28:58+00:00 INFO Is weekly report enabled: enable
2023-02-11T11:29:00+00:00 INFO Is weekly report enabled: enable
2023-02-11T11:29:01+00:00 INFO Is weekly report enabled: enable
2023-02-11T11:29:03+00:00 INFO Is weekly report enabled: enable
2023-02-11T11:29:03+00:00 INFO Is weekly report enabled: enable
2023-02-11T11:30:00+00:00 INFO Is weekly report enabled: enable
2023-02-11T11:30:03+00:00 INFO Is weekly report enabled: enable
2023-02-11T11:30:03+00:00 INFO Is weekly report enabled: enable
2023-02-11T11:30:06+00:00 INFO Is weekly report enabled: enable
2023-02-11T11:30:10+00:00 INFO Is weekly report enabled: enable
2023-02-11T11:30:18+00:00 INFO Is weekly report enabled: enable
2023-02-11T11:30:33+00:00 INFO Is weekly report enabled: enable
2023-02-11T11:30:48+00:00 INFO Is weekly report enabled: enable
2023-02-11T11:30:50+00:00 INFO Is weekly report enabled: enable
2023-02-11T11:31:03+00:00 INFO Is weekly report enabled: enable
2023-02-11T11:31:04+00:00 INFO Is weekly report enabled: enable
2023-02-11T11:31:18+00:00 INFO Is weekly report enabled: enable
2023-02-11T11:31:33+00:00 INFO Is weekly report enabled: enable
2023-02-11T11:31:48+00:00 INFO Is weekly report enabled: enable
2023-02-11T11:32:03+00:00 INFO Is weekly report enabled: enable
2023-02-11T11:32:18+00:00 INFO Is weekly report enabled: enable
2023-02-11T11:32:33+00:00 INFO Is weekly report enabled: enable
2023-02-11T11:32:48+00:00 INFO Is weekly report enabled: enable
2023-02-11T11:32:51+00:00 INFO Is weekly report enabled: enable
2023-02-11T11:33:03+00:00 INFO Is weekly report enabled: enable
2023-02-11T11:33:05+00:00 INFO Is weekly report enabled: enable
2023-02-11T11:33:18+00:00 INFO Is weekly report enabled: enable
2023-02-11T11:33:25+00:00 INFO Is weekly report enabled: enable
2023-02-11T11:33:27+00:00 INFO Is weekly report enabled: enable
2023-02-11T11:33:33+00:00 INFO Is weekly report enabled: enable
2023-02-11T11:33:48+00:00 INFO Is weekly report enabled: enable
2023-02-11T11:34:03+00:00 INFO Is weekly report enabled: enable
2023-02-11T11:34:09+00:00 INFO Is weekly report enabled: enable
2023-02-11T11:34:09+00:00 INFO Is weekly report enabled: enable
2023-02-11T11:34:18+00:00 INFO Is weekly report enabled: enable
2023-02-11T11:35:07+00:00 INFO Is weekly report enabled: enable
2023-02-11T11:35:12+00:00 INFO Is weekly report enabled: enable
2023-02-11T11:35:15+00:00 INFO Is weekly report enabled: enable
2023-02-11T11:35:19+00:00 INFO Is weekly report enabled: enable
2023-02-11T11:35:22+00:00 INFO Is weekly report enabled: enable
2023-02-11T11:35:30+00:00 INFO Is weekly report enabled: enable
2023-02-11T11:35:45+00:00 INFO Is weekly report enabled: enable
2023-02-11T11:36:00+00:00 INFO Is weekly report enabled: enable
2023-02-11T11:36:12+00:00 INFO Is weekly report enabled: enable
2023-02-11T11:36:15+00:00 INFO Is weekly report enabled: enable
2023-02-11T11:36:30+00:00 INFO Is weekly report enabled: enable
2023-02-11T11:36:34+00:00 INFO Is weekly report enabled: enable
2023-02-11T11:36:44+00:00 INFO Is weekly report enabled: enable
2023-02-11T11:36:45+00:00 INFO Is weekly report enabled: enable
2023-02-11T11:36:52+00:00 INFO Is weekly report enabled: enable
2023-02-11T11:36:53+00:00 INFO Is weekly report enabled: enable
2023-02-11T11:36:53+00:00 INFO Is weekly report enabled: enable
2023-02-11T11:36:55+00:00 INFO Is weekly report enabled: enable
2023-02-11T11:37:10+00:00 INFO Is weekly report enabled: enable
2023-02-11T11:37:13+00:00 INFO Is weekly report enabled: enable
2023-02-11T11:37:16+00:00 INFO Is weekly report enabled: enable
2023-02-11T11:37:17+00:00 INFO Is weekly report enabled: enable
2023-02-11T11:37:23+00:00 INFO Is weekly report enabled: enable
2023-02-11T11:37:33+00:00 INFO Is weekly report enabled: enable
2023-02-11T11:37:50+00:00 INFO Is weekly report enabled: enable
2023-02-11T11:38:00+00:00 INFO Is weekly report enabled: enable
2023-02-11T11:38:01+00:00 INFO Is weekly report enabled: enable
2023-02-11T11:38:06+00:00 INFO Is weekly report enabled: enable
2023-02-11T11:38:34+00:00 INFO Is weekly report enabled: enable
2023-02-11T11:38:39+00:00 INFO Is weekly report enabled: enable
2023-02-11T11:39:14+00:00 INFO Is weekly report enabled: enable
2023-02-11T11:39:31+00:00 INFO Is weekly report enabled: enable
2023-02-11T11:39:32+00:00 INFO Is weekly report enabled: enable
2023-02-11T11:39:35+00:00 INFO Is weekly report enabled: enable
2023-02-11T11:39:40+00:00 INFO Is weekly report enabled: enable
2023-02-11T11:39:42+00:00 INFO Is weekly report enabled: enable
2023-02-11T11:40:43+00:00 INFO Is weekly report enabled: enable
2023-02-11T11:41:19+00:00 INFO Is weekly report enabled: enable
2023-02-11T11:41:43+00:00 INFO Is weekly report enabled: enable
2023-02-11T11:41:43+00:00 INFO Is weekly report enabled: enable
2023-02-11T11:42:12+00:00 INFO Is weekly report enabled: enable
2023-02-11T11:42:42+00:00 INFO Is weekly report enabled: enable
2023-02-11T11:42:43+00:00 INFO Is weekly report enabled: enable
2023-02-11T11:42:44+00:00 INFO Is weekly report enabled: enable
2023-02-11T11:43:36+00:00 INFO Is weekly report enabled: enable
2023-02-11T11:43:43+00:00 INFO Is weekly report enabled: enable
2023-02-11T11:43:44+00:00 INFO Is weekly report enabled: enable
2023-02-11T11:44:07+00:00 INFO Is weekly report enabled: enable
2023-02-11T11:44:43+00:00 INFO Is weekly report enabled: enable
2023-02-11T11:44:43+00:00 INFO Is weekly report enabled: enable
2023-02-11T11:44:46+00:00 INFO Is weekly report enabled: enable
2023-02-11T11:45:43+00:00 INFO Is weekly report enabled: enable
2023-02-11T11:46:43+00:00 INFO Is weekly report enabled: enable
2023-02-11T11:46:45+00:00 INFO Is weekly report enabled: enable
2023-02-11T11:46:47+00:00 INFO Is weekly report enabled: enable
2023-02-11T11:47:11+00:00 INFO Is weekly report enabled: enable
2023-02-11T11:47:43+00:00 INFO Is weekly report enabled: enable
2023-02-11T11:47:45+00:00 INFO Is weekly report enabled: enable
2023-02-11T11:48:03+00:00 INFO Is weekly report enabled: enable
2023-02-11T11:48:18+00:00 INFO Is weekly report enabled: enable
2023-02-11T11:48:25+00:00 INFO Is weekly report enabled: enable
2023-02-11T11:48:26+00:00 INFO Is weekly report enabled: enable
2023-02-11T11:48:38+00:00 INFO Is weekly report enabled: enable
2023-02-11T11:48:39+00:00 INFO Is weekly report enabled: enable
2023-02-11T11:48:41+00:00 INFO Is weekly report enabled: enable
2023-02-11T11:48:43+00:00 INFO Is weekly report enabled: enable
2023-02-11T11:48:47+00:00 INFO Is weekly report enabled: enable
2023-02-11T11:48:54+00:00 INFO Is weekly report enabled: enable
2023-02-11T11:49:09+00:00 INFO Is weekly report enabled: enable
2023-02-11T11:49:24+00:00 INFO Is weekly report enabled: enable
2023-02-11T11:49:39+00:00 INFO Is weekly report enabled: enable
2023-02-11T11:49:55+00:00 INFO Is weekly report enabled: enable
2023-02-11T11:50:09+00:00 INFO Is weekly report enabled: enable
2023-02-11T11:50:21+00:00 INFO Is weekly report enabled: enable
2023-02-11T11:50:23+00:00 INFO Is weekly report enabled: enable
2023-02-11T11:50:23+00:00 INFO Is weekly report enabled: enable
2023-02-11T11:50:25+00:00 INFO Is weekly report enabled: enable
2023-02-11T11:50:28+00:00 INFO Is weekly report enabled: enable
2023-02-11T11:50:38+00:00 INFO Is weekly report enabled: enable
2023-02-11T11:50:49+00:00 INFO Is weekly report enabled: enable
2023-02-11T11:51:20+00:00 INFO Is weekly report enabled: enable
2023-02-11T11:51:24+00:00 INFO Is weekly report enabled: enable
2023-02-11T11:51:30+00:00 INFO Is weekly report enabled: enable
2023-02-11T11:51:41+00:00 INFO Is weekly report enabled: enable
2023-02-11T11:51:49+00:00 INFO Is weekly report enabled: enable
2023-02-11T11:52:15+00:00 INFO Is weekly report enabled: enable
2023-02-11T11:52:22+00:00 INFO Is weekly report enabled: enable
2023-02-11T11:52:32+00:00 INFO Is weekly report enabled: enable
2023-02-11T11:52:42+00:00 INFO Is weekly report enabled: enable
2023-02-11T11:53:32+00:00 INFO Is weekly report enabled: enable
2023-02-11T11:53:42+00:00 INFO Is weekly report enabled: enable
2023-02-11T11:53:50+00:00 INFO Is weekly report enabled: enable
2023-02-11T11:54:22+00:00 INFO Is weekly report enabled: enable
2023-02-11T11:54:32+00:00 INFO Is weekly report enabled: enable
2023-02-11T11:54:43+00:00 INFO Is weekly report enabled: enable
2023-02-11T11:54:59+00:00 INFO Is weekly report enabled: enable
2023-02-11T11:55:03+00:00 INFO Is weekly report enabled: enable
2023-02-11T11:55:05+00:00 INFO Is weekly report enabled: enable
2023-02-11T11:55:05+00:00 INFO Is weekly report enabled: enable
2023-02-11T11:55:08+00:00 INFO Is weekly report enabled: enable
2023-02-11T11:55:20+00:00 INFO Is weekly report enabled: enable
2023-02-11T11:55:32+00:00 INFO Is weekly report enabled: enable
2023-02-11T11:55:47+00:00 INFO Is weekly report enabled: enable
2023-02-11T11:55:51+00:00 INFO Is weekly report enabled: enable
2023-02-11T11:56:01+00:00 INFO Is weekly report enabled: enable
2023-02-11T11:56:16+00:00 INFO Is weekly report enabled: enable
2023-02-11T11:56:31+00:00 INFO Is weekly report enabled: enable
2023-02-11T11:56:32+00:00 INFO Is weekly report enabled: enable
2023-02-11T11:56:43+00:00 INFO Is weekly report enabled: enable
2023-02-11T11:56:44+00:00 INFO Is weekly report enabled: enable
2023-02-11T11:56:47+00:00 INFO Is weekly report enabled: enable
2023-02-11T11:57:32+00:00 INFO Is weekly report enabled: enable
2023-02-11T11:57:46+00:00 INFO Is weekly report enabled: enable
2023-02-11T11:57:52+00:00 INFO Is weekly report enabled: enable
2023-02-11T11:58:12+00:00 INFO Is weekly report enabled: enable
2023-02-11T11:58:28+00:00 INFO Is weekly report enabled: enable
2023-02-11T11:58:32+00:00 INFO Is weekly report enabled: enable
2023-02-11T11:58:48+00:00 INFO Is weekly report enabled: enable
2023-02-11T11:58:53+00:00 INFO Is weekly report enabled: enable
2023-02-11T11:59:24+00:00 INFO Is weekly report enabled: enable
2023-02-11T11:59:26+00:00 INFO Is weekly report enabled: enable
2023-02-11T11:59:26+00:00 INFO Is weekly report enabled: enable
2023-02-11T11:59:30+00:00 INFO Is weekly report enabled: enable
2023-02-11T11:59:33+00:00 INFO Is weekly report enabled: enable
2023-02-11T11:59:42+00:00 INFO Is weekly report enabled: enable
2023-02-11T11:59:53+00:00 INFO Is weekly report enabled: enable
2023-02-11T11:59:56+00:00 INFO Is weekly report enabled: enable
2023-02-11T12:00:11+00:00 INFO Is weekly report enabled: enable
2023-02-11T12:00:26+00:00 INFO Is weekly report enabled: enable
2023-02-11T12:00:29+00:00 INFO Is weekly report enabled: enable
2023-02-11T12:00:42+00:00 INFO Is weekly report enabled: enable
2023-02-11T12:00:53+00:00 INFO Is weekly report enabled: enable
2023-02-11T12:00:55+00:00 INFO Is weekly report enabled: enable
2023-02-11T12:00:55+00:00 INFO Is weekly report enabled: enable
2023-02-11T12:00:57+00:00 INFO Is weekly report enabled: enable
2023-02-11T12:01:11+00:00 INFO Is weekly report enabled: enable
2023-02-11T12:01:12+00:00 INFO Is weekly report enabled: enable
2023-02-11T12:01:23+00:00 INFO Is weekly report enabled: enable
2023-02-11T12:01:28+00:00 INFO Is weekly report enabled: enable
2023-02-11T12:01:34+00:00 INFO Is weekly report enabled: enable
2023-02-11T12:01:44+00:00 INFO Is weekly report enabled: enable
2023-02-11T12:01:49+00:00 INFO Is weekly report enabled: enable
2023-02-11T12:01:54+00:00 INFO Is weekly report enabled: enable
2023-02-11T12:01:59+00:00 INFO Is weekly report enabled: enable
2023-02-11T12:02:15+00:00 INFO Is weekly report enabled: enable
2023-02-11T12:02:17+00:00 INFO Is weekly report enabled: enable
2023-02-11T12:02:29+00:00 INFO Is weekly report enabled: enable
2023-02-11T12:02:44+00:00 INFO Is weekly report enabled: enable
2023-02-11T12:03:00+00:00 INFO Is weekly report enabled: enable
2023-02-11T12:03:01+00:00 INFO Is weekly report enabled: enable
2023-02-11T12:03:15+00:00 INFO Is weekly report enabled: enable
2023-02-11T12:03:16+00:00 INFO Is weekly report enabled: enable
2023-02-11T12:03:29+00:00 INFO Is weekly report enabled: enable
2023-02-11T12:03:31+00:00 INFO Is weekly report enabled: enable
2023-02-11T12:03:32+00:00 INFO Is weekly report enabled: enable
2023-02-11T12:03:35+00:00 INFO Is weekly report enabled: enable
2023-02-11T12:03:36+00:00 INFO Is weekly report enabled: enable
2023-02-11T12:03:41+00:00 INFO Is weekly report enabled: enable
2023-02-11T12:03:47+00:00 INFO Is weekly report enabled: enable
2023-02-11T12:03:55+00:00 INFO Is weekly report enabled: enable
2023-02-11T12:04:02+00:00 INFO Is weekly report enabled: enable
2023-02-11T12:04:17+00:00 INFO Is weekly report enabled: enable
2023-02-11T12:04:28+00:00 INFO Is weekly report enabled: enable
2023-02-11T12:04:30+00:00 INFO Is weekly report enabled: enable
2023-02-11T12:04:33+00:00 INFO Is weekly report enabled: enable
2023-02-11T12:04:48+00:00 INFO Is weekly report enabled: enable
2023-02-11T12:04:49+00:00 INFO Is weekly report enabled: enable
2023-02-11T12:05:36+00:00 INFO Is weekly report enabled: enable
2023-02-11T12:05:57+00:00 INFO Is weekly report enabled: enable
2023-02-11T12:06:50+00:00 INFO Is weekly report enabled: enable
2023-02-11T12:07:37+00:00 INFO Is weekly report enabled: enable
2023-02-11T12:07:58+00:00 INFO Is weekly report enabled: enable
2023-02-11T12:08:51+00:00 INFO Is weekly report enabled: enable
2023-02-11T12:09:59+00:00 INFO Is weekly report enabled: enable
2023-02-11T12:10:52+00:00 INFO Is weekly report enabled: enable
2023-02-11T12:12:00+00:00 INFO Is weekly report enabled: enable
2023-02-11T12:12:53+00:00 INFO Is weekly report enabled: enable
2023-02-11T12:14:01+00:00 INFO Is weekly report enabled: enable
2023-02-11T12:14:54+00:00 INFO Is weekly report enabled: enable
2023-02-11T12:16:02+00:00 INFO Is weekly report enabled: enable
2023-02-11T12:16:55+00:00 INFO Is weekly report enabled: enable
2023-02-11T12:18:03+00:00 INFO Is weekly report enabled: enable
2023-02-11T12:18:56+00:00 INFO Is weekly report enabled: enable
2023-02-11T12:20:04+00:00 INFO Is weekly report enabled: enable
2023-02-11T12:20:57+00:00 INFO Is weekly report enabled: enable
2023-02-11T12:22:05+00:00 INFO Is weekly report enabled: enable
2023-02-11T12:22:58+00:00 INFO Is weekly report enabled: enable
2023-02-11T12:24:06+00:00 INFO Is weekly report enabled: enable
2023-02-11T12:24:59+00:00 INFO Is weekly report enabled: enable
2023-02-11T12:26:07+00:00 INFO Is weekly report enabled: enable
2023-02-11T12:27:00+00:00 INFO Is weekly report enabled: enable
2023-02-11T12:28:08+00:00 INFO Is weekly report enabled: enable
2023-02-11T12:29:01+00:00 INFO Is weekly report enabled: enable
2023-02-11T12:30:09+00:00 INFO Is weekly report enabled: enable
2023-02-11T12:31:02+00:00 INFO Is weekly report enabled: enable
2023-02-11T12:32:10+00:00 INFO Is weekly report enabled: enable
2023-02-11T12:33:03+00:00 INFO Is weekly report enabled: enable
2023-02-11T12:34:11+00:00 INFO Is weekly report enabled: enable
2023-02-11T12:35:04+00:00 INFO Is weekly report enabled: enable
2023-02-11T12:36:12+00:00 INFO Is weekly report enabled: enable
2023-02-11T12:37:05+00:00 INFO Is weekly report enabled: enable
2023-02-11T12:38:13+00:00 INFO Is weekly report enabled: enable
2023-02-11T12:39:06+00:00 INFO Is weekly report enabled: enable
2023-02-11T12:40:14+00:00 INFO Is weekly report enabled: enable
2023-02-11T12:41:07+00:00 INFO Is weekly report enabled: enable
2023-02-11T12:41:09+00:00 INFO Is weekly report enabled: enable
